# JRE version: OpenJDK Runtime Environment (8.0_212-b04) (build 1.8.0_212-release-1586-b04)
# Java VM: OpenJDK 64-Bit Server VM (25.212-b04 mixed mode windows-amd64 compressed oops)
Heap:
 PSYoungGen      total 181248K, used 174344K [0x00000000e0000000, 0x00000000edf80000, 0x0000000100000000)
  eden space 160256K, 100% used [0x00000000e0000000,0x00000000e9c80000,0x00000000e9c80000)
  from space 20992K, 67% used [0x00000000e9c80000,0x00000000eaa42028,0x00000000eb100000)
  to   space 20992K, 99% used [0x00000000ecb00000,0x00000000edf7ce30,0x00000000edf80000)
 ParOldGen       total 251904K, used 35154K [0x00000000a0000000, 0x00000000af600000, 0x00000000e0000000)
  object space 251904K, 13% used [0x00000000a0000000,0x00000000a2254a60,0x00000000af600000)
 Metaspace       used 70974K, capacity 74558K, committed 74904K, reserved 1114112K
  class space    used 10011K, capacity 10821K, committed 10920K, reserved 1048576K
GC Heap History (10 events):
Event: 8.380 GC heap after
Heap after GC invocations=10 (full 2):
 PSYoungGen      total 148480K, used 11811K [0x00000000e0000000, 0x00000000eb800000, 0x0000000100000000)
  eden space 136192K, 0% used [0x00000000e0000000,0x00000000e0000000,0x00000000e8500000)
  from space 12288K, 96% used [0x00000000eac00000,0x00000000eb788f78,0x00000000eb800000)
  to   space 13824K, 0% used [0x00000000e9d00000,0x00000000e9d00000,0x00000000eaa80000)
 ParOldGen       total 168960K, used 18479K [0x00000000a0000000, 0x00000000aa500000, 0x00000000e0000000)
  object space 168960K, 10% used [0x00000000a0000000,0x00000000a120be00,0x00000000aa500000)
 Metaspace       used 44122K, capacity 45466K, committed 45736K, reserved 1089536K
  class space    used 5958K, capacity 6264K, committed 6312K, reserved 1048576K
}
Event: 11.312 GC heap before
{Heap before GC invocations=11 (full 2):
 PSYoungGen      total 148480K, used 148003K [0x00000000e0000000, 0x00000000eb800000, 0x0000000100000000)
  eden space 136192K, 100% used [0x00000000e0000000,0x00000000e8500000,0x00000000e8500000)
  from space 12288K, 96% used [0x00000000eac00000,0x00000000eb788f78,0x00000000eb800000)
  to   space 13824K, 0% used [0x00000000e9d00000,0x00000000e9d00000,0x00000000eaa80000)
 ParOldGen       total 168960K, used 18479K [0x00000000a0000000, 0x00000000aa500000, 0x00000000e0000000)
  object space 168960K, 10% used [0x00000000a0000000,0x00000000a120be00,0x00000000aa500000)
 Metaspace       used 53900K, capacity 55922K, committed 56104K, reserved 1097728K
  class space    used 7417K, capacity 7895K, committed 7976K, reserved 1048576K
Event: 11.348 GC heap after
Heap after GC invocations=11 (full 2):
 PSYoungGen      total 174592K, used 13792K [0x00000000e0000000, 0x00000000ec300000, 0x0000000100000000)
  eden space 160768K, 0% used [0x00000000e0000000,0x00000000e0000000,0x00000000e9d00000)
  from space 13824K, 99% used [0x00000000e9d00000,0x00000000eaa78328,0x00000000eaa80000)
  to   space 18432K, 0% used [0x00000000eb100000,0x00000000eb100000,0x00000000ec300000)
 ParOldGen       total 168960K, used 26855K [0x00000000a0000000, 0x00000000aa500000, 0x00000000e0000000)
  object space 168960K, 15% used [0x00000000a0000000,0x00000000a1a39e70,0x00000000aa500000)
 Metaspace       used 53900K, capacity 55922K, committed 56104K, reserved 1097728K
  class space    used 7417K, capacity 7895K, committed 7976K, reserved 1048576K
}
Event: 12.083 GC heap before
{Heap before GC invocations=12 (full 2):
 PSYoungGen      total 174592K, used 89559K [0x00000000e0000000, 0x00000000ec300000, 0x0000000100000000)
  eden space 160768K, 47% used [0x00000000e0000000,0x00000000e49fda18,0x00000000e9d00000)
  from space 13824K, 99% used [0x00000000e9d00000,0x00000000eaa78328,0x00000000eaa80000)
  to   space 18432K, 0% used [0x00000000eb100000,0x00000000eb100000,0x00000000ec300000)
 ParOldGen       total 168960K, used 26855K [0x00000000a0000000, 0x00000000aa500000, 0x00000000e0000000)
  object space 168960K, 15% used [0x00000000a0000000,0x00000000a1a39e70,0x00000000aa500000)
 Metaspace       used 56935K, capacity 59104K, committed 59160K, reserved 1099776K
  class space    used 7941K, capacity 8458K, committed 8488K, reserved 1048576K
Event: 12.102 GC heap after
Heap after GC invocations=12 (full 2):
 PSYoungGen      total 178688K, used 18430K [0x00000000e0000000, 0x00000000ee880000, 0x0000000100000000)
  eden space 160256K, 0% used [0x00000000e0000000,0x00000000e0000000,0x00000000e9c80000)
  from space 18432K, 99% used [0x00000000eb100000,0x00000000ec2ff9c0,0x00000000ec300000)
  to   space 20992K, 0% used [0x00000000e9c80000,0x00000000e9c80000,0x00000000eb100000)
 ParOldGen       total 168960K, used 27985K [0x00000000a0000000, 0x00000000aa500000, 0x00000000e0000000)
  object space 168960K, 16% used [0x00000000a0000000,0x00000000a1b54470,0x00000000aa500000)
 Metaspace       used 56935K, capacity 59104K, committed 59160K, reserved 1099776K
  class space    used 7941K, capacity 8458K, committed 8488K, reserved 1048576K
}
Event: 12.102 GC heap before
{Heap before GC invocations=13 (full 3):
 PSYoungGen      total 178688K, used 18430K [0x00000000e0000000, 0x00000000ee880000, 0x0000000100000000)
  eden space 160256K, 0% used [0x00000000e0000000,0x00000000e0000000,0x00000000e9c80000)
  from space 18432K, 99% used [0x00000000eb100000,0x00000000ec2ff9c0,0x00000000ec300000)
  to   space 20992K, 0% used [0x00000000e9c80000,0x00000000e9c80000,0x00000000eb100000)
 ParOldGen       total 168960K, used 27985K [0x00000000a0000000, 0x00000000aa500000, 0x00000000e0000000)
  object space 168960K, 16% used [0x00000000a0000000,0x00000000a1b54470,0x00000000aa500000)
 Metaspace       used 56935K, capacity 59104K, committed 59160K, reserved 1099776K
  class space    used 7941K, capacity 8458K, committed 8488K, reserved 1048576K
Event: 12.443 GC heap after
Heap after GC invocations=13 (full 3):
 PSYoungGen      total 178688K, used 0K [0x00000000e0000000, 0x00000000ee880000, 0x0000000100000000)
  eden space 160256K, 0% used [0x00000000e0000000,0x00000000e0000000,0x00000000e9c80000)
  from space 18432K, 0% used [0x00000000eb100000,0x00000000eb100000,0x00000000ec300000)
  to   space 20992K, 0% used [0x00000000e9c80000,0x00000000e9c80000,0x00000000eb100000)
 ParOldGen       total 251904K, used 35058K [0x00000000a0000000, 0x00000000af600000, 0x00000000e0000000)
  object space 251904K, 13% used [0x00000000a0000000,0x00000000a223ca50,0x00000000af600000)
 Metaspace       used 56914K, capacity 59032K, committed 59160K, reserved 1099776K
  class space    used 7935K, capacity 8446K, committed 8488K, reserved 1048576K
}
Event: 14.243 GC heap before
{Heap before GC invocations=14 (full 3):
 PSYoungGen      total 178688K, used 160256K [0x00000000e0000000, 0x00000000ee880000, 0x0000000100000000)
  eden space 160256K, 100% used [0x00000000e0000000,0x00000000e9c80000,0x00000000e9c80000)
  from space 18432K, 0% used [0x00000000eb100000,0x00000000eb100000,0x00000000ec300000)
  to   space 20992K, 0% used [0x00000000e9c80000,0x00000000e9c80000,0x00000000eb100000)
 ParOldGen       total 251904K, used 35058K [0x00000000a0000000, 0x00000000af600000, 0x00000000e0000000)
  object space 251904K, 13% used [0x00000000a0000000,0x00000000a223ca50,0x00000000af600000)
 Metaspace       used 63673K, capacity 66202K, committed 66328K, reserved 1105920K
  class space    used 9012K, capacity 9664K, committed 9768K, reserved 1048576K
Event: 14.261 GC heap after
Heap after GC invocations=14 (full 3):
 PSYoungGen      total 181248K, used 14088K [0x00000000e0000000, 0x00000000edf80000, 0x0000000100000000)
  eden space 160256K, 0% used [0x00000000e0000000,0x00000000e0000000,0x00000000e9c80000)
  from space 20992K, 67% used [0x00000000e9c80000,0x00000000eaa42028,0x00000000eb100000)
  to   space 20992K, 0% used [0x00000000ecb00000,0x00000000ecb00000,0x00000000edf80000)
 ParOldGen       total 251904K, used 35130K [0x00000000a0000000, 0x00000000af600000, 0x00000000e0000000)
  object space 251904K, 13% used [0x00000000a0000000,0x00000000a224ea60,0x00000000af600000)
 Metaspace       used 63673K, capacity 66202K, committed 66328K, reserved 1105920K
  class space    used 9012K, capacity 9664K, committed 9768K, reserved 1048576K
}
Event: 17.225 GC heap before
{Heap before GC invocations=15 (full 3):
 PSYoungGen      total 181248K, used 174344K [0x00000000e0000000, 0x00000000edf80000, 0x0000000100000000)
  eden space 160256K, 100% used [0x00000000e0000000,0x00000000e9c80000,0x00000000e9c80000)
  from space 20992K, 67% used [0x00000000e9c80000,0x00000000eaa42028,0x00000000eb100000)
  to   space 20992K, 0% used [0x00000000ecb00000,0x00000000ecb00000,0x00000000edf80000)
 ParOldGen       total 251904K, used 35130K [0x00000000a0000000, 0x00000000af600000, 0x00000000e0000000)
  object space 251904K, 13% used [0x00000000a0000000,0x00000000a224ea60,0x00000000af600000)
 Metaspace       used 70974K, capacity 74558K, committed 74904K, reserved 1114112K
  class space    used 10011K, capacity 10821K, committed 10920K, reserved 1048576K

